[Thu Dec 05 10:14:30.337548 2024] [ssl:warn] [pid 57380:tid 452] AH01909: www.example.com:443:0 server certificate does NOT include an ID which matches the server name
[Thu Dec 05 10:14:30.412853 2024] [ssl:warn] [pid 57380:tid 452] AH01909: www.example.com:443:0 server certificate does NOT include an ID which matches the server name
[Thu Dec 05 10:14:30.463697 2024] [mpm_winnt:notice] [pid 57380:tid 452] AH00455: Apache/2.4.58 (Win64) OpenSSL/3.1.3 PHP/8.2.12 configured -- resuming normal operations
[Thu Dec 05 10:14:30.463697 2024] [mpm_winnt:notice] [pid 57380:tid 452] AH00456: Apache Lounge VS17 Server built: Oct 18 2023 13:03:18
[Thu Dec 05 10:14:30.463697 2024] [core:notice] [pid 57380:tid 452] AH00094: Command line: 'C:\\xampp\\apache\\bin\\httpd.exe -d C:/xampp/apache'
[Thu Dec 05 10:14:30.477777 2024] [mpm_winnt:notice] [pid 57380:tid 452] AH00418: Parent: Created child process 78228
[Thu Dec 05 10:14:31.027270 2024] [ssl:warn] [pid 78228:tid 444] AH01909: www.example.com:443:0 server certificate does NOT include an ID which matches the server name
[Thu Dec 05 10:14:31.153361 2024] [ssl:warn] [pid 78228:tid 444] AH01909: www.example.com:443:0 server certificate does NOT include an ID which matches the server name
[Thu Dec 05 10:14:31.222871 2024] [mpm_winnt:notice] [pid 78228:tid 444] AH00354: Child: Starting 150 worker threads.
[Thu Dec 05 10:15:16.182644 2024] [ssl:warn] [pid 85840:tid 464] AH01909: www.example.com:443:0 server certificate does NOT include an ID which matches the server name
[Thu Dec 05 10:15:16.310191 2024] [ssl:warn] [pid 85840:tid 464] AH01909: www.example.com:443:0 server certificate does NOT include an ID which matches the server name
[Thu Dec 05 10:15:18.140717 2024] [mpm_winnt:notice] [pid 85840:tid 464] AH00455: Apache/2.4.58 (Win64) OpenSSL/3.1.3 PHP/8.2.12 configured -- resuming normal operations
[Thu Dec 05 10:15:18.140717 2024] [mpm_winnt:notice] [pid 85840:tid 464] AH00456: Apache Lounge VS17 Server built: Oct 18 2023 13:03:18
[Thu Dec 05 10:15:18.141709 2024] [core:notice] [pid 85840:tid 464] AH00094: Command line: 'c:\\xampp\\apache\\bin\\httpd.exe -d C:/xampp/apache'
[Thu Dec 05 10:15:18.167043 2024] [mpm_winnt:notice] [pid 85840:tid 464] AH00418: Parent: Created child process 83392
[Thu Dec 05 10:15:18.786349 2024] [ssl:warn] [pid 83392:tid 448] AH01909: www.example.com:443:0 server certificate does NOT include an ID which matches the server name
[Thu Dec 05 10:15:18.894462 2024] [ssl:warn] [pid 83392:tid 448] AH01909: www.example.com:443:0 server certificate does NOT include an ID which matches the server name
[Thu Dec 05 10:15:18.958287 2024] [mpm_winnt:notice] [pid 83392:tid 448] AH00354: Child: Starting 150 worker threads.
[Fri Dec 06 07:50:18.794378 2024] [ssl:warn] [pid 7020:tid 416] AH01909: www.example.com:443:0 server certificate does NOT include an ID which matches the server name
[Fri Dec 06 07:50:18.871503 2024] [core:warn] [pid 7020:tid 416] AH00098: pid file C:/xampp/apache/logs/httpd.pid overwritten -- Unclean shutdown of previous Apache run?
[Fri Dec 06 07:50:18.874503 2024] [ssl:warn] [pid 7020:tid 416] AH01909: www.example.com:443:0 server certificate does NOT include an ID which matches the server name
[Fri Dec 06 07:50:19.345226 2024] [mpm_winnt:notice] [pid 7020:tid 416] AH00455: Apache/2.4.58 (Win64) OpenSSL/3.1.3 PHP/8.2.12 configured -- resuming normal operations
[Fri Dec 06 07:50:19.345226 2024] [mpm_winnt:notice] [pid 7020:tid 416] AH00456: Apache Lounge VS17 Server built: Oct 18 2023 13:03:18
[Fri Dec 06 07:50:19.345226 2024] [core:notice] [pid 7020:tid 416] AH00094: Command line: 'c:\\xampp\\apache\\bin\\httpd.exe -d C:/xampp/apache'
[Fri Dec 06 07:50:19.355218 2024] [mpm_winnt:notice] [pid 7020:tid 416] AH00418: Parent: Created child process 18112
[Fri Dec 06 07:50:19.728129 2024] [ssl:warn] [pid 18112:tid 412] AH01909: www.example.com:443:0 server certificate does NOT include an ID which matches the server name
[Fri Dec 06 07:50:19.794813 2024] [ssl:warn] [pid 18112:tid 412] AH01909: www.example.com:443:0 server certificate does NOT include an ID which matches the server name
[Fri Dec 06 07:50:19.842768 2024] [mpm_winnt:notice] [pid 18112:tid 412] AH00354: Child: Starting 150 worker threads.
[Fri Dec 06 10:21:34.604264 2024] [php:warn] [pid 18112:tid 1904] [client ::1:52102] PHP Warning:  Array to string conversion in C:\\xampp\\htdocs\\Webphb\\wp-includes\\formatting.php on line 1096, referer: http://localhost/webphb/wp-admin/themes.php?colibri_generator_callback=site_imported_notice
[Fri Dec 06 10:23:08.704610 2024] [php:warn] [pid 18112:tid 1928] [client ::1:52179] PHP Warning:  Array to string conversion in C:\\xampp\\htdocs\\Webphb\\wp-includes\\formatting.php on line 1096, referer: http://localhost/webphb/wp-admin/themes.php?colibri_generator_callback=site_imported_notice
[Fri Dec 06 10:31:50.441450 2024] [php:warn] [pid 18112:tid 1896] [client ::1:52498] PHP Warning:  Array to string conversion in C:\\xampp\\htdocs\\Webphb\\wp-includes\\formatting.php on line 1096, referer: http://localhost/webphb/wp-admin/themes.php?colibri_generator_callback=site_imported_notice
[Fri Dec 06 10:39:24.206353 2024] [php:warn] [pid 18112:tid 1928] [client ::1:52789] PHP Warning:  Array to string conversion in C:\\xampp\\htdocs\\Webphb\\wp-includes\\formatting.php on line 1096, referer: http://localhost/webphb/
[Fri Dec 06 10:58:33.032181 2024] [php:warn] [pid 18112:tid 1920] [client ::1:53570] PHP Warning:  Array to string conversion in C:\\xampp\\htdocs\\Webphb\\wp-includes\\formatting.php on line 1096, referer: http://localhost/webphb/
[Fri Dec 06 11:00:16.516524 2024] [php:warn] [pid 18112:tid 1928] [client ::1:53653] PHP Warning:  Array to string conversion in C:\\xampp\\htdocs\\Webphb\\wp-includes\\formatting.php on line 1096, referer: http://localhost/webphb/?customize_changeset_uuid=11dea859-de85-4a27-a1d2-671fa45b6db0
[Fri Dec 06 11:13:40.518562 2024] [php:warn] [pid 18112:tid 1904] [client ::1:54067] PHP Warning:  Array to string conversion in C:\\xampp\\htdocs\\Webphb\\wp-includes\\formatting.php on line 1096, referer: http://localhost/webphb/?customize_changeset_uuid=11dea859-de85-4a27-a1d2-671fa45b6db0
[Fri Dec 06 15:08:19.054022 2024] [ssl:warn] [pid 23068:tid 420] AH01909: www.example.com:443:0 server certificate does NOT include an ID which matches the server name
[Fri Dec 06 15:08:19.118508 2024] [core:warn] [pid 23068:tid 420] AH00098: pid file C:/xampp/apache/logs/httpd.pid overwritten -- Unclean shutdown of previous Apache run?
[Fri Dec 06 15:08:19.123019 2024] [ssl:warn] [pid 23068:tid 420] AH01909: www.example.com:443:0 server certificate does NOT include an ID which matches the server name
[Fri Dec 06 15:08:19.176732 2024] [mpm_winnt:notice] [pid 23068:tid 420] AH00455: Apache/2.4.58 (Win64) OpenSSL/3.1.3 PHP/8.2.12 configured -- resuming normal operations
[Fri Dec 06 15:08:19.176732 2024] [mpm_winnt:notice] [pid 23068:tid 420] AH00456: Apache Lounge VS17 Server built: Oct 18 2023 13:03:18
[Fri Dec 06 15:08:19.176732 2024] [core:notice] [pid 23068:tid 420] AH00094: Command line: 'c:\\xampp\\apache\\bin\\httpd.exe -d C:/xampp/apache'
[Fri Dec 06 15:08:19.186838 2024] [mpm_winnt:notice] [pid 23068:tid 420] AH00418: Parent: Created child process 22996
[Fri Dec 06 15:08:19.675946 2024] [ssl:warn] [pid 22996:tid 436] AH01909: www.example.com:443:0 server certificate does NOT include an ID which matches the server name
[Fri Dec 06 15:08:19.748727 2024] [ssl:warn] [pid 22996:tid 436] AH01909: www.example.com:443:0 server certificate does NOT include an ID which matches the server name
[Fri Dec 06 15:08:19.800999 2024] [mpm_winnt:notice] [pid 22996:tid 436] AH00354: Child: Starting 150 worker threads.
[Fri Dec 06 15:17:51.390407 2024] [php:notice] [pid 22996:tid 1908] [client ::1:60583] WordPress database error Table 'phbaplication.wp_actionscheduler_actions' doesn't exist for query SHOW COLUMNS FROM wp_actionscheduler_actions LIKE 'priority' made by require_once('wp-admin/admin.php'), require_once('wp-load.php'), require_once('wp-config.php'), require_once('wp-settings.php'), do_action('plugins_loaded'), WP_Hook->do_action, WP_Hook->apply_filters, ActionScheduler_Versions::initialize_latest_version, action_scheduler_initialize_3_dot_6_dot_3, ActionScheduler::init, do_action('action_scheduler_pre_init'), WP_Hook->do_action, WP_Hook->apply_filters, {closure}, referer: http://localhost/PHB/wp-admin/themes.php?page=colibri-wp-page-info&install_recommended=forminator
[Sat Dec 07 13:08:57.332728 2024] [ssl:warn] [pid 5464:tid 420] AH01909: www.example.com:443:0 server certificate does NOT include an ID which matches the server name
[Sat Dec 07 13:08:57.409230 2024] [core:warn] [pid 5464:tid 420] AH00098: pid file C:/xampp/apache/logs/httpd.pid overwritten -- Unclean shutdown of previous Apache run?
[Sat Dec 07 13:08:57.411218 2024] [ssl:warn] [pid 5464:tid 420] AH01909: www.example.com:443:0 server certificate does NOT include an ID which matches the server name
[Sat Dec 07 13:08:57.462093 2024] [mpm_winnt:notice] [pid 5464:tid 420] AH00455: Apache/2.4.58 (Win64) OpenSSL/3.1.3 PHP/8.2.12 configured -- resuming normal operations
[Sat Dec 07 13:08:57.462093 2024] [mpm_winnt:notice] [pid 5464:tid 420] AH00456: Apache Lounge VS17 Server built: Oct 18 2023 13:03:18
[Sat Dec 07 13:08:57.462093 2024] [core:notice] [pid 5464:tid 420] AH00094: Command line: 'c:\\xampp\\apache\\bin\\httpd.exe -d C:/xampp/apache'
[Sat Dec 07 13:08:57.472166 2024] [mpm_winnt:notice] [pid 5464:tid 420] AH00418: Parent: Created child process 27412
[Sat Dec 07 13:08:57.885174 2024] [ssl:warn] [pid 27412:tid 408] AH01909: www.example.com:443:0 server certificate does NOT include an ID which matches the server name
[Sat Dec 07 13:08:57.950093 2024] [ssl:warn] [pid 27412:tid 408] AH01909: www.example.com:443:0 server certificate does NOT include an ID which matches the server name
[Sat Dec 07 13:08:57.986385 2024] [mpm_winnt:notice] [pid 27412:tid 408] AH00354: Child: Starting 150 worker threads.
[Sat Dec 07 13:10:03.542745 2024] [ssl:warn] [pid 22300:tid 444] AH01909: www.example.com:443:0 server certificate does NOT include an ID which matches the server name
[Sat Dec 07 13:10:03.597871 2024] [core:warn] [pid 22300:tid 444] AH00098: pid file C:/xampp/apache/logs/httpd.pid overwritten -- Unclean shutdown of previous Apache run?
[Sat Dec 07 13:10:03.597871 2024] [ssl:warn] [pid 22300:tid 444] AH01909: www.example.com:443:0 server certificate does NOT include an ID which matches the server name
[Sat Dec 07 13:10:03.644031 2024] [mpm_winnt:notice] [pid 22300:tid 444] AH00455: Apache/2.4.58 (Win64) OpenSSL/3.1.3 PHP/8.2.12 configured -- resuming normal operations
[Sat Dec 07 13:10:03.644031 2024] [mpm_winnt:notice] [pid 22300:tid 444] AH00456: Apache Lounge VS17 Server built: Oct 18 2023 13:03:18
[Sat Dec 07 13:10:03.644031 2024] [core:notice] [pid 22300:tid 444] AH00094: Command line: 'c:\\xampp\\apache\\bin\\httpd.exe -d C:/xampp/apache'
[Sat Dec 07 13:10:03.657308 2024] [mpm_winnt:notice] [pid 22300:tid 444] AH00418: Parent: Created child process 26156
[Sat Dec 07 13:10:03.995904 2024] [ssl:warn] [pid 26156:tid 416] AH01909: www.example.com:443:0 server certificate does NOT include an ID which matches the server name
[Sat Dec 07 13:10:04.072672 2024] [ssl:warn] [pid 26156:tid 416] AH01909: www.example.com:443:0 server certificate does NOT include an ID which matches the server name
[Sat Dec 07 13:10:04.115262 2024] [mpm_winnt:notice] [pid 26156:tid 416] AH00354: Child: Starting 150 worker threads.
