2024-12-05 10:15:10 0 [Note] Starting MariaDB 10.4.32-MariaDB source revision c4143f909528e3fab0677a28631d10389354c491 as process 85988
2024-12-05 10:15:10 0 [Note] InnoDB: Mutexes and rw_locks use Windows interlocked functions
2024-12-05 10:15:10 0 [Note] InnoDB: Uses event mutexes
2024-12-05 10:15:10 0 [Note] InnoDB: Compressed tables use zlib 1.3
2024-12-05 10:15:10 0 [Note] InnoDB: Number of pools: 1
2024-12-05 10:15:10 0 [Note] InnoDB: Using SSE2 crc32 instructions
2024-12-05 10:15:10 0 [Note] InnoDB: Initializing buffer pool, total size = 16M, instances = 1, chunk size = 16M
2024-12-05 10:15:10 0 [Note] InnoDB: Completed initialization of buffer pool
2024-12-05 10:15:10 0 [Note] InnoDB: Starting crash recovery from checkpoint LSN=300288
2024-12-05 10:15:10 0 [Note] InnoDB: 128 out of 128 rollback segments are active.
2024-12-05 10:15:10 0 [Note] InnoDB: Removed temporary tablespace data file: "ibtmp1"
2024-12-05 10:15:10 0 [Note] InnoDB: Creating shared tablespace for temporary tables
2024-12-05 10:15:10 0 [Note] InnoDB: Setting file 'C:\xampp\mysql\data\ibtmp1' size to 12 MB. Physically writing the file full; Please wait ...
2024-12-05 10:15:10 0 [Note] InnoDB: File 'C:\xampp\mysql\data\ibtmp1' size is now 12 MB.
2024-12-05 10:15:10 0 [Note] InnoDB: Waiting for purge to start
2024-12-05 10:15:10 0 [Note] InnoDB: 10.4.32 started; log sequence number 300297; transaction id 170
2024-12-05 10:15:10 0 [Note] InnoDB: Loading buffer pool(s) from C:\xampp\mysql\data\ib_buffer_pool
2024-12-05 10:15:10 0 [Note] Plugin 'FEEDBACK' is disabled.
2024-12-05 10:15:10 0 [Note] Server socket created on IP: '::'.
2024-12-06  7:50:17 0 [Note] Starting MariaDB 10.4.32-MariaDB source revision c4143f909528e3fab0677a28631d10389354c491 as process 23348
2024-12-06  7:50:17 0 [Note] InnoDB: Mutexes and rw_locks use Windows interlocked functions
2024-12-06  7:50:17 0 [Note] InnoDB: Uses event mutexes
2024-12-06  7:50:17 0 [Note] InnoDB: Compressed tables use zlib 1.3
2024-12-06  7:50:17 0 [Note] InnoDB: Number of pools: 1
2024-12-06  7:50:17 0 [Note] InnoDB: Using SSE2 crc32 instructions
2024-12-06  7:50:17 0 [Note] InnoDB: Initializing buffer pool, total size = 16M, instances = 1, chunk size = 16M
2024-12-06  7:50:17 0 [Note] InnoDB: Completed initialization of buffer pool
2024-12-06  7:50:17 0 [Note] InnoDB: Starting crash recovery from checkpoint LSN=2207214
2024-12-06  7:50:17 0 [Note] InnoDB: 128 out of 128 rollback segments are active.
2024-12-06  7:50:17 0 [Note] InnoDB: Removed temporary tablespace data file: "ibtmp1"
2024-12-06  7:50:17 0 [Note] InnoDB: Creating shared tablespace for temporary tables
2024-12-06  7:50:17 0 [Note] InnoDB: Setting file 'C:\xampp\mysql\data\ibtmp1' size to 12 MB. Physically writing the file full; Please wait ...
2024-12-06  7:50:17 0 [Note] InnoDB: File 'C:\xampp\mysql\data\ibtmp1' size is now 12 MB.
2024-12-06  7:50:17 0 [Note] InnoDB: Waiting for purge to start
2024-12-06  7:50:17 0 [Note] InnoDB: 10.4.32 started; log sequence number 2207223; transaction id 1035
2024-12-06  7:50:17 0 [Note] InnoDB: Loading buffer pool(s) from C:\xampp\mysql\data\ib_buffer_pool
2024-12-06  7:50:17 0 [Note] Plugin 'FEEDBACK' is disabled.
2024-12-06  7:50:17 0 [Note] Server socket created on IP: '::'.
2024-12-06  7:50:17 0 [Note] InnoDB: Buffer pool(s) load completed at 241206  7:50:17
2024-12-06  7:50:17 0 [Note] Reading of all Master_info entries succeeded
2024-12-06  7:50:17 0 [Note] Added new Master_info '' to hash table
2024-12-06  7:50:17 0 [Note] c:\xampp\mysql\bin\mysqld.exe: ready for connections.
Version: '10.4.32-MariaDB'  socket: ''  port: 3306  mariadb.org binary distribution
2024-12-06 15:08:19 0 [Note] Starting MariaDB 10.4.32-MariaDB source revision c4143f909528e3fab0677a28631d10389354c491 as process 12584
2024-12-06 15:08:19 0 [Note] InnoDB: Mutexes and rw_locks use Windows interlocked functions
2024-12-06 15:08:19 0 [Note] InnoDB: Uses event mutexes
2024-12-06 15:08:19 0 [Note] InnoDB: Compressed tables use zlib 1.3
2024-12-06 15:08:19 0 [Note] InnoDB: Number of pools: 1
2024-12-06 15:08:19 0 [Note] InnoDB: Using SSE2 crc32 instructions
2024-12-06 15:08:19 0 [Note] InnoDB: Initializing buffer pool, total size = 16M, instances = 1, chunk size = 16M
2024-12-06 15:08:19 0 [Note] InnoDB: Completed initialization of buffer pool
2024-12-06 15:08:19 0 [Note] InnoDB: Starting crash recovery from checkpoint LSN=22920912
2024-12-06 15:08:19 0 [Note] InnoDB: 128 out of 128 rollback segments are active.
2024-12-06 15:08:19 0 [Note] InnoDB: Removed temporary tablespace data file: "ibtmp1"
2024-12-06 15:08:19 0 [Note] InnoDB: Creating shared tablespace for temporary tables
2024-12-06 15:08:19 0 [Note] InnoDB: Setting file 'C:\xampp\mysql\data\ibtmp1' size to 12 MB. Physically writing the file full; Please wait ...
2024-12-06 15:08:19 0 [Note] InnoDB: File 'C:\xampp\mysql\data\ibtmp1' size is now 12 MB.
2024-12-06 15:08:19 0 [Note] InnoDB: Waiting for purge to start
2024-12-06 15:08:19 0 [Note] InnoDB: 10.4.32 started; log sequence number 22920921; transaction id 4800
2024-12-06 15:08:19 0 [Note] InnoDB: Loading buffer pool(s) from C:\xampp\mysql\data\ib_buffer_pool
2024-12-06 15:08:19 0 [Note] Plugin 'FEEDBACK' is disabled.
2024-12-06 15:08:19 0 [Note] Server socket created on IP: '::'.
2024-12-07 13:08:57 0 [Note] Starting MariaDB 10.4.32-MariaDB source revision c4143f909528e3fab0677a28631d10389354c491 as process 1364
Cannot find checkpoint record at LSN (1,0x5582)
2024-12-07 13:08:57 0 [ERROR] mysqld.exe: Aria recovery failed. Please run aria_chk -r on all Aria tables and delete all aria_log.######## files
2024-12-07 13:08:57 0 [ERROR] Plugin 'Aria' registration as a STORAGE ENGINE failed.
2024-12-07 13:08:57 0 [Note] InnoDB: Mutexes and rw_locks use Windows interlocked functions
2024-12-07 13:08:57 0 [Note] InnoDB: Uses event mutexes
2024-12-07 13:08:57 0 [Note] InnoDB: Compressed tables use zlib 1.3
2024-12-07 13:08:57 0 [Note] InnoDB: Number of pools: 1
2024-12-07 13:08:57 0 [Note] InnoDB: Using SSE2 crc32 instructions
2024-12-07 13:08:57 0 [Note] InnoDB: Initializing buffer pool, total size = 16M, instances = 1, chunk size = 16M
2024-12-07 13:08:57 0 [Note] InnoDB: Completed initialization of buffer pool
2024-12-07 13:08:57 0 [Note] InnoDB: Starting crash recovery from checkpoint LSN=56764250
2024-12-07 13:08:57 0 [Note] InnoDB: 128 out of 128 rollback segments are active.
2024-12-07 13:08:57 0 [Note] InnoDB: Removed temporary tablespace data file: "ibtmp1"
2024-12-07 13:08:57 0 [Note] InnoDB: Creating shared tablespace for temporary tables
2024-12-07 13:08:57 0 [Note] InnoDB: Setting file 'C:\xampp\mysql\data\ibtmp1' size to 12 MB. Physically writing the file full; Please wait ...
2024-12-07 13:08:57 0 [Note] InnoDB: File 'C:\xampp\mysql\data\ibtmp1' size is now 12 MB.
2024-12-07 13:08:57 0 [Note] InnoDB: Waiting for purge to start
2024-12-07 13:08:57 0 [Note] InnoDB: 10.4.32 started; log sequence number 56764259; transaction id 20702
2024-12-07 13:08:57 0 [Note] InnoDB: Loading buffer pool(s) from C:\xampp\mysql\data\ib_buffer_pool
2024-12-07 13:08:57 0 [Note] Plugin 'FEEDBACK' is disabled.
2024-12-07 13:08:57 0 [ERROR] Could not open mysql.plugin table. Some plugins may be not loaded
2024-12-07 13:08:57 0 [ERROR] Failed to initialize plugins.
2024-12-07 13:08:57 0 [ERROR] Aborting
2024-12-07 13:09:12 0 [Note] Starting MariaDB 10.4.32-MariaDB source revision c4143f909528e3fab0677a28631d10389354c491 as process 29564
Cannot find checkpoint record at LSN (1,0x5582)
2024-12-07 13:09:12 0 [ERROR] mysqld.exe: Aria recovery failed. Please run aria_chk -r on all Aria tables and delete all aria_log.######## files
2024-12-07 13:09:12 0 [ERROR] Plugin 'Aria' registration as a STORAGE ENGINE failed.
2024-12-07 13:09:12 0 [Note] InnoDB: Mutexes and rw_locks use Windows interlocked functions
2024-12-07 13:09:12 0 [Note] InnoDB: Uses event mutexes
2024-12-07 13:09:12 0 [Note] InnoDB: Compressed tables use zlib 1.3
2024-12-07 13:09:12 0 [Note] InnoDB: Number of pools: 1
2024-12-07 13:09:12 0 [Note] InnoDB: Using SSE2 crc32 instructions
2024-12-07 13:09:12 0 [Note] InnoDB: Initializing buffer pool, total size = 16M, instances = 1, chunk size = 16M
2024-12-07 13:09:12 0 [Note] InnoDB: Completed initialization of buffer pool
2024-12-07 13:09:12 0 [Note] InnoDB: 128 out of 128 rollback segments are active.
2024-12-07 13:09:12 0 [Note] InnoDB: Creating shared tablespace for temporary tables
2024-12-07 13:09:12 0 [Note] InnoDB: Setting file 'C:\xampp\mysql\data\ibtmp1' size to 12 MB. Physically writing the file full; Please wait ...
2024-12-07 13:09:12 0 [Note] InnoDB: File 'C:\xampp\mysql\data\ibtmp1' size is now 12 MB.
2024-12-07 13:09:12 0 [Note] InnoDB: Waiting for purge to start
2024-12-07 13:09:12 0 [Note] InnoDB: 10.4.32 started; log sequence number 56764268; transaction id 20702
2024-12-07 13:09:12 0 [Note] InnoDB: Loading buffer pool(s) from C:\xampp\mysql\data\ib_buffer_pool
2024-12-07 13:09:12 0 [Note] Plugin 'FEEDBACK' is disabled.
2024-12-07 13:09:12 0 [ERROR] Could not open mysql.plugin table. Some plugins may be not loaded
2024-12-07 13:09:12 0 [ERROR] Failed to initialize plugins.
2024-12-07 13:09:12 0 [ERROR] Aborting
2024-12-07 13:09:50 0 [Note] Starting MariaDB 10.4.32-MariaDB source revision c4143f909528e3fab0677a28631d10389354c491 as process 30132
Cannot find checkpoint record at LSN (1,0x5582)
2024-12-07 13:09:50 0 [ERROR] mysqld.exe: Aria recovery failed. Please run aria_chk -r on all Aria tables and delete all aria_log.######## files
2024-12-07 13:09:50 0 [ERROR] Plugin 'Aria' registration as a STORAGE ENGINE failed.
2024-12-07 13:09:50 0 [Note] InnoDB: Mutexes and rw_locks use Windows interlocked functions
2024-12-07 13:09:50 0 [Note] InnoDB: Uses event mutexes
2024-12-07 13:09:50 0 [Note] InnoDB: Compressed tables use zlib 1.3
2024-12-07 13:09:50 0 [Note] InnoDB: Number of pools: 1
2024-12-07 13:09:50 0 [Note] InnoDB: Using SSE2 crc32 instructions
2024-12-07 13:09:50 0 [Note] InnoDB: Initializing buffer pool, total size = 16M, instances = 1, chunk size = 16M
2024-12-07 13:09:50 0 [Note] InnoDB: Completed initialization of buffer pool
2024-12-07 13:09:50 0 [Note] InnoDB: 128 out of 128 rollback segments are active.
2024-12-07 13:09:50 0 [Note] InnoDB: Creating shared tablespace for temporary tables
2024-12-07 13:09:50 0 [Note] InnoDB: Setting file 'C:\xampp\mysql\data\ibtmp1' size to 12 MB. Physically writing the file full; Please wait ...
2024-12-07 13:09:50 0 [Note] InnoDB: File 'C:\xampp\mysql\data\ibtmp1' size is now 12 MB.
2024-12-07 13:09:50 0 [Note] InnoDB: Waiting for purge to start
2024-12-07 13:09:50 0 [Note] InnoDB: 10.4.32 started; log sequence number 56764277; transaction id 20702
2024-12-07 13:09:50 0 [Note] InnoDB: Loading buffer pool(s) from C:\xampp\mysql\data\ib_buffer_pool
2024-12-07 13:09:50 0 [Note] Plugin 'FEEDBACK' is disabled.
2024-12-07 13:09:50 0 [ERROR] Could not open mysql.plugin table. Some plugins may be not loaded
2024-12-07 13:09:50 0 [ERROR] Failed to initialize plugins.
2024-12-07 13:09:50 0 [ERROR] Aborting
2024-12-07 13:09:55 0 [Note] Starting MariaDB 10.4.32-MariaDB source revision c4143f909528e3fab0677a28631d10389354c491 as process 22480
Cannot find checkpoint record at LSN (1,0x5582)
2024-12-07 13:09:55 0 [ERROR] mysqld.exe: Aria recovery failed. Please run aria_chk -r on all Aria tables and delete all aria_log.######## files
2024-12-07 13:09:55 0 [ERROR] Plugin 'Aria' registration as a STORAGE ENGINE failed.
2024-12-07 13:09:55 0 [Note] InnoDB: Mutexes and rw_locks use Windows interlocked functions
2024-12-07 13:09:55 0 [Note] InnoDB: Uses event mutexes
2024-12-07 13:09:55 0 [Note] InnoDB: Compressed tables use zlib 1.3
2024-12-07 13:09:55 0 [Note] InnoDB: Number of pools: 1
2024-12-07 13:09:55 0 [Note] InnoDB: Using SSE2 crc32 instructions
2024-12-07 13:09:55 0 [Note] InnoDB: Initializing buffer pool, total size = 16M, instances = 1, chunk size = 16M
2024-12-07 13:09:55 0 [Note] InnoDB: Completed initialization of buffer pool
2024-12-07 13:09:55 0 [Note] InnoDB: 128 out of 128 rollback segments are active.
2024-12-07 13:09:55 0 [Note] InnoDB: Creating shared tablespace for temporary tables
2024-12-07 13:09:55 0 [Note] InnoDB: Setting file 'C:\xampp\mysql\data\ibtmp1' size to 12 MB. Physically writing the file full; Please wait ...
2024-12-07 13:09:55 0 [Note] InnoDB: File 'C:\xampp\mysql\data\ibtmp1' size is now 12 MB.
2024-12-07 13:09:55 0 [Note] InnoDB: Waiting for purge to start
2024-12-07 13:09:55 0 [Note] InnoDB: 10.4.32 started; log sequence number 56764286; transaction id 20702
2024-12-07 13:09:55 0 [Note] InnoDB: Loading buffer pool(s) from C:\xampp\mysql\data\ib_buffer_pool
2024-12-07 13:09:55 0 [Note] Plugin 'FEEDBACK' is disabled.
2024-12-07 13:09:55 0 [ERROR] Could not open mysql.plugin table. Some plugins may be not loaded
2024-12-07 13:09:55 0 [ERROR] Failed to initialize plugins.
2024-12-07 13:09:55 0 [ERROR] Aborting
2024-12-07 13:10:13 0 [Note] Starting MariaDB 10.4.32-MariaDB source revision c4143f909528e3fab0677a28631d10389354c491 as process 4052
Cannot find checkpoint record at LSN (1,0x5582)
2024-12-07 13:10:13 0 [ERROR] mysqld.exe: Aria recovery failed. Please run aria_chk -r on all Aria tables and delete all aria_log.######## files
2024-12-07 13:10:13 0 [ERROR] Plugin 'Aria' registration as a STORAGE ENGINE failed.
2024-12-07 13:10:13 0 [Note] InnoDB: Mutexes and rw_locks use Windows interlocked functions
2024-12-07 13:10:13 0 [Note] InnoDB: Uses event mutexes
2024-12-07 13:10:13 0 [Note] InnoDB: Compressed tables use zlib 1.3
2024-12-07 13:10:13 0 [Note] InnoDB: Number of pools: 1
2024-12-07 13:10:13 0 [Note] InnoDB: Using SSE2 crc32 instructions
2024-12-07 13:10:13 0 [Note] InnoDB: Initializing buffer pool, total size = 16M, instances = 1, chunk size = 16M
2024-12-07 13:10:13 0 [Note] InnoDB: Completed initialization of buffer pool
2024-12-07 13:10:13 0 [Note] InnoDB: 128 out of 128 rollback segments are active.
2024-12-07 13:10:13 0 [Note] InnoDB: Creating shared tablespace for temporary tables
2024-12-07 13:10:13 0 [Note] InnoDB: Setting file 'C:\xampp\mysql\data\ibtmp1' size to 12 MB. Physically writing the file full; Please wait ...
2024-12-07 13:10:13 0 [Note] InnoDB: File 'C:\xampp\mysql\data\ibtmp1' size is now 12 MB.
2024-12-07 13:10:13 0 [Note] InnoDB: Waiting for purge to start
2024-12-07 13:10:13 0 [Note] InnoDB: 10.4.32 started; log sequence number 56764295; transaction id 20702
2024-12-07 13:10:13 0 [Note] InnoDB: Loading buffer pool(s) from C:\xampp\mysql\data\ib_buffer_pool
2024-12-07 13:10:13 0 [Note] Plugin 'FEEDBACK' is disabled.
2024-12-07 13:10:13 0 [ERROR] Could not open mysql.plugin table. Some plugins may be not loaded
2024-12-07 13:10:13 0 [ERROR] Failed to initialize plugins.
2024-12-07 13:10:13 0 [ERROR] Aborting
